CONFIG
├── data
│   └── _target_: src.data.sevir_datamodule.SEVIRDataModule                                                                                                                                                                         
│       data_dir: /data0/cjl/code/nowcasting/data                                                                                                                                                                                   
│       vil_data_dir: /data0/cjl/code/nowcasting/data/vil                                                                                                                                                                           
│       catalog_path: /data0/cjl/code/nowcasting/data/CATALOG.csv                                                                                                                                                                   
│       image_size:                                                                                                                                                                                                                 
│       - 384                                                                                                                                                                                                                       
│       - 384                                                                                                                                                                                                                       
│       input_frames: 5                                                                                                                                                                                                             
│       output_frames: 3                                                                                                                                                                                                            
│       frame_interval: 5                                                                                                                                                                                                           
│       batch_size: 2                                                                                                                                                                                                               
│       num_workers: 1                                                                                                                                                                                                              
│       pin_memory: false                                                                                                                                                                                                           
│       train_val_test_split:                                                                                                                                                                                                       
│       - 0.7                                                                                                                                                                                                                       
│       - 0.2                                                                                                                                                                                                                       
│       - 0.1                                                                                                                                                                                                                       
│       use_transforms: true                                                                                                                                                                                                        
│       normalize: true                                                                                                                                                                                                             
│       random_crop: false                                                                                                                                                                                                          
│                                                                                                                                                                                                                                   
├── model
│   └── _target_: src.models.convlstm_module.VILNowcastingModel                                                                                                                                                                     
│       input_channels: 1                                                                                                                                                                                                           
│       hidden_dims:                                                                                                                                                                                                                
│       - 32                                                                                                                                                                                                                        
│       kernel_sizes:                                                                                                                                                                                                               
│       - - 3                                                                                                                                                                                                                       
│         - 3                                                                                                                                                                                                                       
│       learning_rate: 0.001                                                                                                                                                                                                        
│       output_frames: 3                                                                                                                                                                                                            
│       compile: false                                                                                                                                                                                                              
│                                                                                                                                                                                                                                   
├── callbacks
│   └── model_checkpoint:                                                                                                                                                                                                           
│         _target_: lightning.pytorch.callbacks.ModelCheckpoint                                                                                                                                                                     
│         dirpath: /data0/cjl/code/nowcasting/2025_0712sevir测试/lightning-hydra-template/logs/train/runs/2025-07-19_01-27-35/checkpoints                                                                                           
│         filename: epoch_{epoch:03d}                                                                                                                                                                                               
│         monitor: val/loss                                                                                                                                                                                                         
│         verbose: false                                                                                                                                                                                                            
│         save_last: true                                                                                                                                                                                                           
│         save_top_k: 1                                                                                                                                                                                                             
│         mode: min                                                                                                                                                                                                                 
│         auto_insert_metric_name: false                                                                                                                                                                                            
│         save_weights_only: false                                                                                                                                                                                                  
│         every_n_train_steps: null                                                                                                                                                                                                 
│         train_time_interval: null                                                                                                                                                                                                 
│         every_n_epochs: null                                                                                                                                                                                                      
│         save_on_train_epoch_end: null                                                                                                                                                                                             
│       early_stopping:                                                                                                                                                                                                             
│         _target_: lightning.pytorch.callbacks.EarlyStopping                                                                                                                                                                       
│         monitor: val/loss                                                                                                                                                                                                         
│         min_delta: 0.0                                                                                                                                                                                                            
│         patience: 100                                                                                                                                                                                                             
│         verbose: false                                                                                                                                                                                                            
│         mode: min                                                                                                                                                                                                                 
│         strict: true                                                                                                                                                                                                              
│         check_finite: true                                                                                                                                                                                                        
│         stopping_threshold: null                                                                                                                                                                                                  
│         divergence_threshold: null                                                                                                                                                                                                
│         check_on_train_epoch_end: null                                                                                                                                                                                            
│       model_summary:                                                                                                                                                                                                              
│         _target_: lightning.pytorch.callbacks.RichModelSummary                                                                                                                                                                    
│         max_depth: -1                                                                                                                                                                                                             
│       rich_progress_bar:                                                                                                                                                                                                          
│         _target_: lightning.pytorch.callbacks.RichProgressBar                                                                                                                                                                     
│                                                                                                                                                                                                                                   
├── logger
│   └── None                                                                                                                                                                                                                        
├── trainer
│   └── _target_: lightning.pytorch.trainer.Trainer                                                                                                                                                                                 
│       default_root_dir: /data0/cjl/code/nowcasting/2025_0712sevir测试/lightning-hydra-template/logs/train/runs/2025-07-19_01-27-35                                                                                                
│       min_epochs: 1                                                                                                                                                                                                               
│       max_epochs: 5                                                                                                                                                                                                               
│       accelerator: gpu                                                                                                                                                                                                            
│       devices: 1                                                                                                                                                                                                                  
│       check_val_every_n_epoch: 1                                                                                                                                                                                                  
│       deterministic: false                                                                                                                                                                                                        
│       precision: 16                                                                                                                                                                                                               
│                                                                                                                                                                                                                                   
├── paths
│   └── root_dir: /data0/cjl/code/nowcasting/2025_0712sevir测试/lightning-hydra-template                                                                                                                                            
│       data_dir: /data0/cjl/code/nowcasting/2025_0712sevir测试/lightning-hydra-template/data/                                                                                                                                      
│       log_dir: /data0/cjl/code/nowcasting/2025_0712sevir测试/lightning-hydra-template/logs/                                                                                                                                       
│       output_dir: /data0/cjl/code/nowcasting/2025_0712sevir测试/lightning-hydra-template/logs/train/runs/2025-07-19_01-27-35                                                                                                      
│       work_dir: /data0/cjl/code/nowcasting/2025_0712sevir测试/lightning-hydra-template                                                                                                                                            
│                                                                                                                                                                                                                                   
├── extras
│   └── ignore_warnings: false                                                                                                                                                                                                      
│       enforce_tags: true                                                                                                                                                                                                          
│       print_config: true                                                                                                                                                                                                          
│                                                                                                                                                                                                                                   
├── task_name
│   └── train                                                                                                                                                                                                                       
├── tags
│   └── ['sevir', 'vil', 'nowcasting']                                                                                                                                                                                              
├── train
│   └── True                                                                                                                                                                                                                        
├── test
│   └── True                                                                                                                                                                                                                        
├── ckpt_path
│   └── None                                                                                                                                                                                                                        
├── seed
│   └── 42                                                                                                                                                                                                                          
└── name
    └── sevir_vil_nowcasting                                                                                                                                                                                                        
