[2025-07-18 04:05:59,433][src.utils.utils][INFO] - [rank: 0] Enforcing tags! <cfg.extras.enforce_tags=True>
[2025-07-18 04:05:59,438][src.utils.utils][INFO] - [rank: 0] Printing config tree with Rich! <cfg.extras.print_config=True>
[2025-07-18 04:05:59,482][__main__][INFO] - [rank: 0] Instantiating datamodule <src.data.sevir_datamodule.SEVIRDataModule>
[2025-07-18 04:05:59,822][__main__][INFO] - [rank: 0] Instantiating model <src.models.convlstm_module.VILNowcastingModel>
[2025-07-18 04:05:59,832][torch.distributed.nn.jit.instantiator][INFO] - Created a temporary directory at /tmp/tmpoafzjf4i
[2025-07-18 04:05:59,832][torch.distributed.nn.jit.instantiator][INFO] - Writing /tmp/tmpoafzjf4i/_remote_module_non_scriptable.py
[2025-07-18 04:05:59,894][__main__][INFO] - [rank: 0] Instantiating callbacks...
[2025-07-18 04:05:59,895][src.utils.instantiators][INFO] - [rank: 0] Instantiating callback <lightning.pytorch.callbacks.ModelCheckpoint>
[2025-07-18 04:05:59,898][src.utils.instantiators][INFO] - [rank: 0] Instantiating callback <lightning.pytorch.callbacks.EarlyStopping>
[2025-07-18 04:05:59,899][src.utils.instantiators][INFO] - [rank: 0] Instantiating callback <lightning.pytorch.callbacks.RichModelSummary>
[2025-07-18 04:05:59,899][src.utils.instantiators][INFO] - [rank: 0] Instantiating callback <lightning.pytorch.callbacks.RichProgressBar>
[2025-07-18 04:05:59,900][__main__][INFO] - [rank: 0] Instantiating loggers...
[2025-07-18 04:05:59,900][src.utils.instantiators][INFO] - [rank: 0] Instantiating logger <lightning.pytorch.loggers.wandb.WandbLogger>
[2025-07-18 04:05:59,903][__main__][INFO] - [rank: 0] Instantiating trainer <lightning.pytorch.trainer.Trainer>
[2025-07-18 04:05:59,993][__main__][INFO] - [rank: 0] Logging hyperparameters!
[2025-07-18 04:05:59,994][__main__][INFO] - [rank: 0] Starting training!
[2025-07-18 04:20:35,452][__main__][INFO] - [rank: 0] Starting testing!
[2025-07-18 04:20:35,453][__main__][WARNING] - [rank: 0] Best ckpt not found! Using current weights for testing...
[2025-07-18 04:21:05,372][__main__][INFO] - [rank: 0] Best ckpt path: None
[2025-07-18 04:21:05,378][src.utils.utils][INFO] - [rank: 0] Output dir: /data0/cjl/code/nowcasting/2025_0712sevir测试/lightning-hydra-template/logs/train/runs/2025-07-18_04-05-59
[2025-07-18 04:21:06,483][src.utils.utils][INFO] - [rank: 0] Metric name is None! Skipping metric value retrieval...
