[2025-07-18 03:44:26,115][src.utils.utils][INFO] - [rank: 0] Enforcing tags! <cfg.extras.enforce_tags=True>
[2025-07-18 03:44:26,120][src.utils.utils][INFO] - [rank: 0] Printing config tree with Rich! <cfg.extras.print_config=True>
[2025-07-18 03:44:26,164][__main__][INFO] - [rank: 0] Instantiating datamodule <src.data.sevir_datamodule.SEVIRDataModule>
[2025-07-18 03:44:26,300][__main__][INFO] - [rank: 0] Instantiating model <src.models.convlstm_module.VILNowcastingModel>
[2025-07-18 03:44:26,309][torch.distributed.nn.jit.instantiator][INFO] - Created a temporary directory at /tmp/tmpbcm7bgof
[2025-07-18 03:44:26,309][torch.distributed.nn.jit.instantiator][INFO] - Writing /tmp/tmpbcm7bgof/_remote_module_non_scriptable.py
[2025-07-18 03:44:26,501][__main__][INFO] - [rank: 0] Instantiating callbacks...
[2025-07-18 03:44:26,501][src.utils.instantiators][INFO] - [rank: 0] Instantiating callback <lightning.pytorch.callbacks.ModelCheckpoint>
[2025-07-18 03:44:26,505][src.utils.instantiators][INFO] - [rank: 0] Instantiating callback <lightning.pytorch.callbacks.EarlyStopping>
[2025-07-18 03:44:26,506][src.utils.instantiators][INFO] - [rank: 0] Instantiating callback <lightning.pytorch.callbacks.RichModelSummary>
[2025-07-18 03:44:26,506][src.utils.instantiators][INFO] - [rank: 0] Instantiating callback <lightning.pytorch.callbacks.RichProgressBar>
[2025-07-18 03:44:26,507][__main__][INFO] - [rank: 0] Instantiating loggers...
[2025-07-18 03:44:26,507][src.utils.instantiators][INFO] - [rank: 0] Instantiating logger <lightning.pytorch.loggers.wandb.WandbLogger>
[2025-07-18 03:44:26,510][__main__][INFO] - [rank: 0] Instantiating trainer <lightning.pytorch.trainer.Trainer>
[2025-07-18 03:44:26,596][__main__][INFO] - [rank: 0] Logging hyperparameters!
[2025-07-18 03:45:00,497][__main__][INFO] - [rank: 0] Starting training!
[2025-07-18 03:45:00,544][src.utils.utils][ERROR] - [rank: 0] 
Traceback (most recent call last):
  File "/data0/cjl/code/nowcasting/2025_0712sevir测试/lightning-hydra-template/src/utils/utils.py", line 68, in wrap
    metric_dict, object_dict = task_func(cfg=cfg)
  File "src/train.py", line 87, in train
    trainer.fit(model=model, datamodule=datamodule, ckpt_path=cfg.get("ckpt_path"))
  File "/data0/cjl/.local/lib/python3.8/site-packages/lightning/pytorch/trainer/trainer.py", line 543, in fit
    call._call_and_handle_interrupt(
  File "/data0/cjl/.local/lib/python3.8/site-packages/lightning/pytorch/trainer/call.py", line 44, in _call_and_handle_interrupt
    return trainer_fn(*args, **kwargs)
  File "/data0/cjl/.local/lib/python3.8/site-packages/lightning/pytorch/trainer/trainer.py", line 579, in _fit_impl
    self._run(model, ckpt_path=ckpt_path)
  File "/data0/cjl/.local/lib/python3.8/site-packages/lightning/pytorch/trainer/trainer.py", line 948, in _run
    call._call_setup_hook(self)  # allow user to set up LightningModule in accelerator environment
  File "/data0/cjl/.local/lib/python3.8/site-packages/lightning/pytorch/trainer/call.py", line 94, in _call_setup_hook
    _call_lightning_datamodule_hook(trainer, "setup", stage=fn)
  File "/data0/cjl/.local/lib/python3.8/site-packages/lightning/pytorch/trainer/call.py", line 181, in _call_lightning_datamodule_hook
    return fn(*args, **kwargs)
  File "/data0/cjl/code/nowcasting/2025_0712sevir测试/lightning-hydra-template/src/data/sevir_datamodule.py", line 99, in setup
    catalog_df = pd.read_csv(self.hparams.catalog_path)
  File "/data0/cjl/.local/lib/python3.8/site-packages/pandas/io/parsers/readers.py", line 912, in read_csv
    return _read(filepath_or_buffer, kwds)
  File "/data0/cjl/.local/lib/python3.8/site-packages/pandas/io/parsers/readers.py", line 577, in _read
    parser = TextFileReader(filepath_or_buffer, **kwds)
  File "/data0/cjl/.local/lib/python3.8/site-packages/pandas/io/parsers/readers.py", line 1407, in __init__
    self._engine = self._make_engine(f, self.engine)
  File "/data0/cjl/.local/lib/python3.8/site-packages/pandas/io/parsers/readers.py", line 1661, in _make_engine
    self.handles = get_handle(
  File "/data0/cjl/.local/lib/python3.8/site-packages/pandas/io/common.py", line 859, in get_handle
    handle = open(
FileNotFoundError: [Errno 2] No such file or directory: '/data0/cjl/code/nowcasting/2025_0712sevir测试/CATALOG.csv'
[2025-07-18 03:45:00,546][src.utils.utils][INFO] - [rank: 0] Output dir: /data0/cjl/code/nowcasting/2025_0712sevir测试/lightning-hydra-template/logs/train/runs/2025-07-18_03-44-26
[2025-07-18 03:45:00,546][src.utils.utils][INFO] - [rank: 0] Closing wandb!
