[2025-07-19 01:27:08,025][src.utils.utils][INFO] - [rank: 0] Enforcing tags! <cfg.extras.enforce_tags=True>
[2025-07-19 01:27:08,029][src.utils.utils][INFO] - [rank: 0] Printing config tree with Rich! <cfg.extras.print_config=True>
[2025-07-19 01:27:08,065][__main__][INFO] - [rank: 0] Instantiating datamodule <src.data.sevir_datamodule.SEVIRDataModule>
[2025-07-19 01:27:08,341][__main__][INFO] - [rank: 0] Instantiating model <src.models.convlstm_module.VILNowcastingModel>
[2025-07-19 01:27:08,348][torch.distributed.nn.jit.instantiator][INFO] - Created a temporary directory at /tmp/tmpkhawxfu5
[2025-07-19 01:27:08,348][torch.distributed.nn.jit.instantiator][INFO] - Writing /tmp/tmpkhawxfu5/_remote_module_non_scriptable.py
[2025-07-19 01:27:08,363][__main__][INFO] - [rank: 0] Instantiating callbacks...
[2025-07-19 01:27:08,363][src.utils.instantiators][INFO] - [rank: 0] Instantiating callback <lightning.pytorch.callbacks.ModelCheckpoint>
[2025-07-19 01:27:08,367][src.utils.instantiators][INFO] - [rank: 0] Instantiating callback <lightning.pytorch.callbacks.EarlyStopping>
[2025-07-19 01:27:08,367][src.utils.instantiators][INFO] - [rank: 0] Instantiating callback <lightning.pytorch.callbacks.RichModelSummary>
[2025-07-19 01:27:08,368][src.utils.instantiators][INFO] - [rank: 0] Instantiating callback <lightning.pytorch.callbacks.RichProgressBar>
[2025-07-19 01:27:08,368][__main__][INFO] - [rank: 0] Instantiating loggers...
[2025-07-19 01:27:08,368][src.utils.instantiators][WARNING] - [rank: 0] No logger configs found! Skipping...
[2025-07-19 01:27:08,369][__main__][INFO] - [rank: 0] Instantiating trainer <lightning.pytorch.trainer.Trainer>
[2025-07-19 01:27:08,458][__main__][INFO] - [rank: 0] Starting training!
[2025-07-19 01:27:22,075][__main__][INFO] - [rank: 0] Starting testing!
[2025-07-19 01:27:22,075][__main__][WARNING] - [rank: 0] Best ckpt not found! Using current weights for testing...
[2025-07-19 01:27:29,864][__main__][INFO] - [rank: 0] Best ckpt path: None
[2025-07-19 01:27:29,868][src.utils.utils][INFO] - [rank: 0] Output dir: /data0/cjl/code/nowcasting/2025_0712sevir测试/lightning-hydra-template/logs/train/runs/2025-07-19_01-27-07
[2025-07-19 01:27:30,849][src.utils.utils][INFO] - [rank: 0] Metric name is None! Skipping metric value retrieval...
